<?xml version="1.0" encoding="utf-8" standalone="no"?>
<!--This file represents the results of running a test suite-->
<test-results name="C:\Users\Alan\Documents\GitHub\orange\GUI\NunitTests\bin\Debug\NunitTests.dll" total="1" errors="0" failures="0" not-run="0" inconclusive="0" ignored="0" skipped="0" invalid="0" date="2012-08-29" time="08:57:56">
  <environment nunit-version="2.6.1.12217" clr-version="2.0.50727.5456" os-version="Microsoft Windows NT 6.1.7601 Service Pack 1" platform="Win32NT" cwd="C:\Users\Alan\Documents\GitHub\orange\GUI\NunitTests\bin\Debug" machine-name="ALAN-PC" user="Alan" user-domain="Alan-PC" />
  <culture-info current-culture="en-AU" current-uiculture="en-US" />
  <test-suite type="Assembly" name="C:\Users\Alan\Documents\GitHub\orange\GUI\NunitTests\bin\Debug\NunitTests.dll" executed="True" result="Success" success="True" time="0.174" asserts="0">
    <results>
      <test-suite type="Namespace" name="NunitTests" executed="True" result="Success" success="True" time="0.138" asserts="0">
        <results>
          <test-suite type="TestFixture" name="UrlBuilder_Tests" executed="True" result="Success" success="True" time="0.134" asserts="0">
            <results>
              <test-case name="NunitTests.UrlBuilder_Tests.Add_returns_3" executed="True" result="Success" success="True" time="0.101" asserts="1" />
            </results>
          </test-suite>
        </results>
      </test-suite>
    </results>
  </test-suite>
</test-results>