<?xml version="1.0" encoding="utf-8" standalone="no"?>
<!--This file represents the results of running a test suite-->
<test-results name="C:\Users\Alan\Documents\GitHub\orange\GUI\NunitTests\bin\Debug\NunitTests.dll" total="14" errors="0" failures="0" not-run="0" inconclusive="0" ignored="0" skipped="0" invalid="0" date="2012-08-29" time="11:21:23">
  <environment nunit-version="2.6.1.12217" clr-version="2.0.50727.5456" os-version="Microsoft Windows NT 6.1.7601 Service Pack 1" platform="Win32NT" cwd="C:\Users\Alan\Documents\GitHub\orange\GUI\NunitTests\bin\Debug" machine-name="ALAN-PC" user="Alan" user-domain="Alan-PC" />
  <culture-info current-culture="en-AU" current-uiculture="en-US" />
  <test-suite type="Assembly" name="C:\Users\Alan\Documents\GitHub\orange\GUI\NunitTests\bin\Debug\NunitTests.dll" executed="True" result="Success" success="True" time="0.198" asserts="0">
    <results>
      <test-suite type="Namespace" name="GUI" executed="True" result="Success" success="True" time="0.170" asserts="0">
        <results>
          <test-suite type="Namespace" name="OrangeServiceProxy" executed="True" result="Success" success="True" time="0.170" asserts="0">
            <results>
              <test-suite type="Namespace" name="Tests" executed="True" result="Success" success="True" time="0.169" asserts="0">
                <results>
                  <test-suite type="TestFixture" name="UrlBuilder_Tests" executed="True" result="Success" success="True" time="0.166" asserts="0">
                    <results>
                      <test-case name="GUI.OrangeServiceProxy.Tests.UrlBuilder_Tests.HasProperty_ComponentName" executed="True" result="Success" success="True" time="0.052" asserts="1" />
                      <test-case name="GUI.OrangeServiceProxy.Tests.UrlBuilder_Tests.HasProperty_GoogleAppsEngineBaseUrl" executed="True" result="Success" success="True" time="0.001" asserts="1" />
                      <test-case name="GUI.OrangeServiceProxy.Tests.UrlBuilder_Tests.HasProperty_MaximumCapacity" executed="True" result="Success" success="True" time="0.000" asserts="1" />
                      <test-case name="GUI.OrangeServiceProxy.Tests.UrlBuilder_Tests.HasProperty_MaximumPrice" executed="True" result="Success" success="True" time="0.000" asserts="1" />
                      <test-case name="GUI.OrangeServiceProxy.Tests.UrlBuilder_Tests.HasProperty_MinimumCapacity" executed="True" result="Success" success="True" time="0.001" asserts="1" />
                      <test-case name="GUI.OrangeServiceProxy.Tests.UrlBuilder_Tests.HasProperty_MinimumPrice" executed="True" result="Success" success="True" time="0.000" asserts="1" />
                      <test-case name="GUI.OrangeServiceProxy.Tests.UrlBuilder_Tests.HasProperty_Postcode" executed="True" result="Success" success="True" time="0.000" asserts="1" />
                      <test-case name="GUI.OrangeServiceProxy.Tests.UrlBuilder_Tests.ToString_ComponentName_and_Capacity" executed="True" result="Success" success="True" time="0.017" asserts="1" />
                      <test-case name="GUI.OrangeServiceProxy.Tests.UrlBuilder_Tests.ToString_ComponentName_and_Capacity_and_Price" executed="True" result="Success" success="True" time="0.000" asserts="1" />
                      <test-case name="GUI.OrangeServiceProxy.Tests.UrlBuilder_Tests.ToString_ComponentName_and_Postcode" executed="True" result="Success" success="True" time="0.001" asserts="1" />
                      <test-case name="GUI.OrangeServiceProxy.Tests.UrlBuilder_Tests.ToString_ComponentName_and_Postcode_and_Capacity_and_Price" executed="True" result="Success" success="True" time="0.001" asserts="1" />
                      <test-case name="GUI.OrangeServiceProxy.Tests.UrlBuilder_Tests.ToString_ComponentName_and_Postcode_and_Price" executed="True" result="Success" success="True" time="0.000" asserts="1" />
                      <test-case name="GUI.OrangeServiceProxy.Tests.UrlBuilder_Tests.ToString_ComponentName_and_Price" executed="True" result="Success" success="True" time="0.001" asserts="1" />
                      <test-case name="GUI.OrangeServiceProxy.Tests.UrlBuilder_Tests.ToString_EmptyParameters_Returns_GoogleAppsBaseUrl" executed="True" result="Success" success="True" time="0.001" asserts="1" />
                    </results>
                  </test-suite>
                </results>
              </test-suite>
            </results>
          </test-suite>
        </results>
      </test-suite>
    </results>
  </test-suite>
</test-results>